[0.381s] DEBUG:colcon:Command line arguments: ['/usr/bin/colcon', 'build']
[0.381s] DEBUG:colcon:Parsed command line arguments: Namespace(log_base=None, log_level=None, verb_name='build', build_base='build', install_base='install', merge_install=False, symlink_install=False, test_result_base=None, continue_on_error=False, executor='parallel', parallel_workers=8, event_handlers=None, ignore_user_meta=False, metas=['./colcon.meta'], base_paths=['.'], packages_ignore=None, packages_ignore_regex=None, paths=None, packages_up_to=None, packages_up_to_regex=None, packages_above=None, packages_above_and_dependencies=None, packages_above_depth=None, packages_select_by_dep=None, packages_skip_by_dep=None, packages_skip_up_to=None, packages_select_build_failed=False, packages_skip_build_finished=False, packages_select_test_failures=False, packages_skip_test_passed=False, packages_select=None, packages_skip=None, packages_select_regex=None, packages_skip_regex=None, packages_start=None, packages_end=None, cmake_args=None, cmake_target=None, cmake_target_skip_unavailable=False, cmake_clean_cache=False, cmake_clean_first=False, cmake_force_configure=False, ament_cmake_args=None, catkin_cmake_args=None, catkin_skip_building_tests=False, mixin_files=None, mixin=None, verb_parser=<colcon_mixin.mixin.mixin_argument.MixinArgumentDecorator object at 0x7f8e773f34c0>, verb_extension=<colcon_core.verb.build.BuildVerb object at 0x7f8e77d584f0>, main=<bound method BuildVerb.main of <colcon_core.verb.build.BuildVerb object at 0x7f8e77d584f0>>, mixin_verb=('build',))
[0.408s] Level 1:colcon.colcon_core.package_discovery:discover_packages(colcon_meta) check parameters
[0.408s] Level 1:colcon.colcon_core.package_discovery:discover_packages(recursive) check parameters
[0.408s] Level 1:colcon.colcon_core.package_discovery:discover_packages(ignore) check parameters
[0.409s] Level 1:colcon.colcon_core.package_discovery:discover_packages(path) check parameters
[0.409s] Level 1:colcon.colcon_core.package_discovery:discover_packages(colcon_meta) discover
[0.409s] Level 1:colcon.colcon_core.package_discovery:discover_packages(recursive) discover
[0.409s] INFO:colcon.colcon_core.package_discovery:Crawling recursively for packages in '/home/user/ros2_ws/src/robot_chase'
[0.409s] Level 1:colcon.colcon_core.package_identification:_identify(.) by extensions ['ignore', 'ignore_ament_install']
[0.409s] Level 1:colcon.colcon_core.package_identification:_identify(.) by extension 'ignore'
[0.409s] Level 1:colcon.colcon_core.package_identification:_identify(.) by extension 'ignore_ament_install'
[0.409s] Level 1:colcon.colcon_core.package_identification:_identify(.) by extensions ['colcon_pkg']
[0.409s] Level 1:colcon.colcon_core.package_identification:_identify(.) by extension 'colcon_pkg'
[0.409s] Level 1:colcon.colcon_core.package_identification:_identify(.) by extensions ['colcon_meta']
[0.409s] Level 1:colcon.colcon_core.package_identification:_identify(.) by extension 'colcon_meta'
[0.409s] Level 1:colcon.colcon_core.package_identification:_identify(.) by extensions ['ros']
[0.409s] Level 1:colcon.colcon_core.package_identification:_identify(.) by extension 'ros'
[0.430s] DEBUG:colcon.colcon_core.package_identification:Package '.' with type 'ros.ament_cmake' and name 'robot_chase'
[0.431s] Level 1:colcon.colcon_core.package_discovery:discover_packages(recursive) using defaults
[0.431s] Level 1:colcon.colcon_core.package_discovery:discover_packages(ignore) discover
[0.431s] Level 1:colcon.colcon_core.package_discovery:discover_packages(ignore) using defaults
[0.431s] Level 1:colcon.colcon_core.package_discovery:discover_packages(path) discover
[0.431s] Level 1:colcon.colcon_core.package_discovery:discover_packages(path) using defaults
[0.458s] Level 5:colcon.colcon_core.verb:set package 'robot_chase' build argument 'cmake_args' from command line to 'None'
[0.458s] Level 5:colcon.colcon_core.verb:set package 'robot_chase' build argument 'cmake_target' from command line to 'None'
[0.458s] Level 5:colcon.colcon_core.verb:set package 'robot_chase' build argument 'cmake_target_skip_unavailable' from command line to 'False'
[0.458s] Level 5:colcon.colcon_core.verb:set package 'robot_chase' build argument 'cmake_clean_cache' from command line to 'False'
[0.458s] Level 5:colcon.colcon_core.verb:set package 'robot_chase' build argument 'cmake_clean_first' from command line to 'False'
[0.458s] Level 5:colcon.colcon_core.verb:set package 'robot_chase' build argument 'cmake_force_configure' from command line to 'False'
[0.458s] Level 5:colcon.colcon_core.verb:set package 'robot_chase' build argument 'ament_cmake_args' from command line to 'None'
[0.458s] Level 5:colcon.colcon_core.verb:set package 'robot_chase' build argument 'catkin_cmake_args' from command line to 'None'
[0.458s] Level 5:colcon.colcon_core.verb:set package 'robot_chase' build argument 'catkin_skip_building_tests' from command line to 'False'
[0.458s] DEBUG:colcon.colcon_core.verb:Building package 'robot_chase' with the following arguments: {'ament_cmake_args': None, 'build_base': '/home/user/ros2_ws/src/robot_chase/build/robot_chase', 'catkin_cmake_args': None, 'catkin_skip_building_tests': False, 'cmake_args': None, 'cmake_clean_cache': False, 'cmake_clean_first': False, 'cmake_force_configure': False, 'cmake_target': None, 'cmake_target_skip_unavailable': False, 'install_base': '/home/user/ros2_ws/src/robot_chase/install/robot_chase', 'merge_install': False, 'path': '/home/user/ros2_ws/src/robot_chase', 'symlink_install': False, 'test_result_base': None}
[0.459s] INFO:colcon.colcon_core.executor:Executing jobs using 'parallel' executor
[0.463s] DEBUG:colcon.colcon_parallel_executor.executor.parallel:run_until_complete
[0.463s] INFO:colcon.colcon_ros.task.ament_cmake.build:Building ROS package in '/home/user/ros2_ws/src/robot_chase' with build type 'ament_cmake'
[0.464s] INFO:colcon.colcon_cmake.task.cmake.build:Building CMake package in '/home/user/ros2_ws/src/robot_chase'
[0.469s] INFO:colcon.colcon_core.plugin_system:Skipping extension 'colcon_core.shell.bat': Not used on non-Windows systems
[0.469s] INFO:colcon.colcon_core.shell:Skip shell extension 'powershell' for command environment: Not usable outside of PowerShell
[0.469s] DEBUG:colcon.colcon_core.shell:Skip shell extension 'dsv' for command environment
[0.483s] DEBUG:colcon.colcon_core.event_handler.log_command:Invoking command in '/home/user/ros2_ws/src/robot_chase/build/robot_chase': CMAKE_PREFIX_PATH=${CMAKE_PREFIX_PATH}:/opt/ros/humble _=/usr/bin/env /usr/bin/cmake /home/user/ros2_ws/src/robot_chase -DCMAKE_INSTALL_PREFIX=/home/user/ros2_ws/src/robot_chase/install/robot_chase
[6.752s] DEBUG:colcon.colcon_core.event_handler.log_command:Invoked command in '/home/user/ros2_ws/src/robot_chase/build/robot_chase' returned '1': CMAKE_PREFIX_PATH=${CMAKE_PREFIX_PATH}:/opt/ros/humble _=/usr/bin/env /usr/bin/cmake /home/user/ros2_ws/src/robot_chase -DCMAKE_INSTALL_PREFIX=/home/user/ros2_ws/src/robot_chase/install/robot_chase
[6.763s] Level 1:colcon.colcon_core.environment:create_environment_scripts_only(robot_chase)
[6.768s] Level 1:colcon.colcon_core.environment:checking '/home/user/ros2_ws/src/robot_chase/install/robot_chase' for CMake module files
[6.769s] Level 1:colcon.colcon_core.environment:checking '/home/user/ros2_ws/src/robot_chase/install/robot_chase' for CMake config files
[6.769s] Level 1:colcon.colcon_core.environment:checking '/home/user/ros2_ws/src/robot_chase/install/robot_chase/bin'
[6.769s] Level 1:colcon.colcon_core.environment:checking '/home/user/ros2_ws/src/robot_chase/install/robot_chase/lib/pkgconfig/robot_chase.pc'
[6.770s] Level 1:colcon.colcon_core.environment:checking '/home/user/ros2_ws/src/robot_chase/install/robot_chase/lib/python3.10/site-packages'
[6.770s] Level 1:colcon.colcon_core.environment:checking '/home/user/ros2_ws/src/robot_chase/install/robot_chase/bin'
[6.772s] INFO:colcon.colcon_core.shell:Creating package script '/home/user/ros2_ws/src/robot_chase/install/robot_chase/share/robot_chase/package.ps1'
[6.773s] INFO:colcon.colcon_core.shell:Creating package descriptor '/home/user/ros2_ws/src/robot_chase/install/robot_chase/share/robot_chase/package.dsv'
[6.773s] INFO:colcon.colcon_core.shell:Creating package script '/home/user/ros2_ws/src/robot_chase/install/robot_chase/share/robot_chase/package.sh'
[6.774s] INFO:colcon.colcon_core.shell:Creating package script '/home/user/ros2_ws/src/robot_chase/install/robot_chase/share/robot_chase/package.bash'
[6.775s] INFO:colcon.colcon_core.shell:Creating package script '/home/user/ros2_ws/src/robot_chase/install/robot_chase/share/robot_chase/package.zsh'
[6.775s] Level 1:colcon.colcon_core.environment:create_file_with_runtime_dependencies(/home/user/ros2_ws/src/robot_chase/install/robot_chase/share/colcon-core/packages/robot_chase)
[6.786s] DEBUG:colcon.colcon_parallel_executor.executor.parallel:closing loop
[6.786s] DEBUG:colcon.colcon_parallel_executor.executor.parallel:loop closed
[6.786s] DEBUG:colcon.colcon_parallel_executor.executor.parallel:run_until_complete finished with '1'
[6.786s] DEBUG:colcon.colcon_core.event_reactor:joining thread
[6.794s] INFO:colcon.colcon_core.plugin_system:Skipping extension 'colcon_notification.desktop_notification.notify_send': Could not find 'notify-send'
[6.794s] INFO:colcon.colcon_core.plugin_system:Skipping extension 'colcon_notification.desktop_notification.terminal_notifier': Not used on non-Darwin systems
[6.794s] INFO:colcon.colcon_core.plugin_system:Skipping extension 'colcon_notification.desktop_notification.win32': Not used on non-Windows systems
[6.794s] INFO:colcon.colcon_notification.desktop_notification:Sending desktop notification using 'notify2'
[6.795s] DEBUG:colcon.colcon_notification.desktop_notification.notify2:Failed to initialize notify2: org.freedesktop.DBus.Error.Spawn.ExecFailed: /usr/bin/dbus-launch terminated abnormally without any error message
[6.796s] DEBUG:colcon.colcon_core.event_reactor:joined thread
[6.797s] INFO:colcon.colcon_core.shell:Creating prefix script '/home/user/ros2_ws/src/robot_chase/install/local_setup.ps1'
[6.798s] INFO:colcon.colcon_core.shell:Creating prefix util module '/home/user/ros2_ws/src/robot_chase/install/_local_setup_util_ps1.py'
[6.800s] INFO:colcon.colcon_core.shell:Creating prefix chain script '/home/user/ros2_ws/src/robot_chase/install/setup.ps1'
[6.801s] INFO:colcon.colcon_core.shell:Creating prefix script '/home/user/ros2_ws/src/robot_chase/install/local_setup.sh'
[6.802s] INFO:colcon.colcon_core.shell:Creating prefix util module '/home/user/ros2_ws/src/robot_chase/install/_local_setup_util_sh.py'
[6.802s] INFO:colcon.colcon_core.shell:Creating prefix chain script '/home/user/ros2_ws/src/robot_chase/install/setup.sh'
[6.804s] INFO:colcon.colcon_core.shell:Creating prefix script '/home/user/ros2_ws/src/robot_chase/install/local_setup.bash'
[6.805s] INFO:colcon.colcon_core.shell:Creating prefix chain script '/home/user/ros2_ws/src/robot_chase/install/setup.bash'
[6.806s] INFO:colcon.colcon_core.shell:Creating prefix script '/home/user/ros2_ws/src/robot_chase/install/local_setup.zsh'
[6.807s] INFO:colcon.colcon_core.shell:Creating prefix chain script '/home/user/ros2_ws/src/robot_chase/install/setup.zsh'
