[0.019s] Invoking command in '/home/user/ros2_ws/src/robot_chase/build/robot_chase': CMAKE_PREFIX_PATH=${CMAKE_PREFIX_PATH}:/opt/ros/humble _=/usr/bin/env /usr/bin/cmake /home/user/ros2_ws/src/robot_chase -DCMAKE_INSTALL_PREFIX=/home/user/ros2_ws/src/robot_chase/install/robot_chase
[0.031s] -- Found ament_cmake: 1.3.2 (/opt/ros/humble/share/ament_cmake/cmake)
[0.176s] -- Found sensor_msgs: 4.2.2 (/opt/ros/humble/share/sensor_msgs/cmake)
[0.206s] -- Found rosidl_generator_c: 3.1.3 (/opt/ros/humble/share/rosidl_generator_c/cmake)
[0.209s] -- Found rosidl_adapter: 3.1.3 (/opt/ros/humble/share/rosidl_adapter/cmake)
[0.216s] -- Found rosidl_generator_cpp: 3.1.3 (/opt/ros/humble/share/rosidl_generator_cpp/cmake)
[0.230s] -- Using all available rosidl_typesupport_c: rosidl_typesupport_fastrtps_c;rosidl_typesupport_introspection_c
[0.248s] -- Using all available rosidl_typesupport_cpp: rosidl_typesupport_fastrtps_cpp;rosidl_typesupport_introspection_cpp
[0.483s] -- Found rclcpp: 16.0.1 (/opt/ros/humble/share/rclcpp/cmake)
[0.537s] -- Found rmw_implementation_cmake: 6.1.0 (/opt/ros/humble/share/rmw_implementation_cmake/cmake)
[0.538s] -- Found rmw_fastrtps_cpp: 6.2.1 (/opt/ros/humble/share/rmw_fastrtps_cpp/cmake)
[0.698s] -- Using RMW implementation 'rmw_fastrtps_cpp' as default
[0.840s] -- Found tf2_ros: 0.25.1 (/opt/ros/humble/share/tf2_ros/cmake)
[1.213s] -- Found nav_msgs: 4.2.2 (/opt/ros/humble/share/nav_msgs/cmake)
[1.306s] -- Found ament_lint_auto: 0.12.4 (/opt/ros/humble/share/ament_lint_auto/cmake)
[1.376s] [31mCMake Error at /opt/ros/humble/share/ament_cmake_target_dependencies/cmake/ament_target_dependencies.cmake:77 (message):
[1.376s]   ament_target_dependencies() the passed package name 'nav_msgstf2_ros' was
[1.376s]   not found before
[1.376s] Call Stack (most recent call first):
[1.376s]   CMakeLists.txt:28 (ament_target_dependencies)
[1.376s] 
[1.376s] [0m
[1.376s] -- Configuring incomplete, errors occurred!
[1.376s] See also "/home/user/ros2_ws/src/robot_chase/build/robot_chase/CMakeFiles/CMakeOutput.log".
[1.383s] Invoked command in '/home/user/ros2_ws/src/robot_chase/build/robot_chase' returned '1': CMAKE_PREFIX_PATH=${CMAKE_PREFIX_PATH}:/opt/ros/humble _=/usr/bin/env /usr/bin/cmake /home/user/ros2_ws/src/robot_chase -DCMAKE_INSTALL_PREFIX=/home/user/ros2_ws/src/robot_chase/install/robot_chase
