[0.019s] Invoking command in '/home/user/ros2_ws/src/robot_chase/build/robot_chase': CMAKE_PREFIX_PATH=${CMAKE_PREFIX_PATH}:/opt/ros/humble _=/usr/bin/env /usr/bin/cmake /home/user/ros2_ws/src/robot_chase -DCMAKE_INSTALL_PREFIX=/home/user/ros2_ws/src/robot_chase/install/robot_chase
[1.726s] -- The C compiler identification is GNU 11.2.0
[3.225s] -- The CXX compiler identification is GNU 11.2.0
[3.244s] -- Detecting C compiler ABI info
[3.391s] -- Detecting C compiler ABI info - done
[3.400s] -- Check for working C compiler: /usr/bin/cc - skipped
[3.401s] -- Detecting C compile features
[3.402s] -- Detecting C compile features - done
[3.407s] -- Detecting CXX compiler ABI info
[3.621s] -- Detecting CXX compiler ABI info - done
[3.629s] -- Check for working CXX compiler: /usr/bin/c++ - skipped
[3.630s] -- Detecting CXX compile features
[3.630s] -- Detecting CXX compile features - done
[3.636s] -- Found ament_cmake: 1.3.2 (/opt/ros/humble/share/ament_cmake/cmake)
[3.912s] -- Found Python3: /usr/bin/python3.10 (found version "3.10.6") found components: Interpreter 
[4.093s] -- Found sensor_msgs: 4.2.2 (/opt/ros/humble/share/sensor_msgs/cmake)
[4.207s] -- Found rosidl_generator_c: 3.1.3 (/opt/ros/humble/share/rosidl_generator_c/cmake)
[4.222s] -- Found rosidl_adapter: 3.1.3 (/opt/ros/humble/share/rosidl_adapter/cmake)
[4.303s] -- Found rosidl_generator_cpp: 3.1.3 (/opt/ros/humble/share/rosidl_generator_cpp/cmake)
[4.346s] -- Using all available rosidl_typesupport_c: rosidl_typesupport_fastrtps_c;rosidl_typesupport_introspection_c
[4.395s] -- Using all available rosidl_typesupport_cpp: rosidl_typesupport_fastrtps_cpp;rosidl_typesupport_introspection_cpp
[4.747s] -- Found rclcpp: 16.0.1 (/opt/ros/humble/share/rclcpp/cmake)
[4.999s] -- Found rmw_implementation_cmake: 6.1.0 (/opt/ros/humble/share/rmw_implementation_cmake/cmake)
[5.007s] -- Found rmw_fastrtps_cpp: 6.2.1 (/opt/ros/humble/share/rmw_fastrtps_cpp/cmake)
[5.175s] -- Found OpenSSL: /usr/lib/x86_64-linux-gnu/libcrypto.so (found version "3.0.2")  
[5.223s] -- Found FastRTPS: /opt/ros/humble/include  
[5.292s] -- Using RMW implementation 'rmw_fastrtps_cpp' as default
[5.492s] -- Found tf2_ros: 0.25.1 (/opt/ros/humble/share/tf2_ros/cmake)
[6.034s] -- Found nav_msgs: 4.2.2 (/opt/ros/humble/share/nav_msgs/cmake)
[6.148s] -- Found ament_lint_auto: 0.12.4 (/opt/ros/humble/share/ament_lint_auto/cmake)
[6.277s] [31mCMake Error at /opt/ros/humble/share/ament_cmake_target_dependencies/cmake/ament_target_dependencies.cmake:77 (message):
[6.277s]   ament_target_dependencies() the passed package name 'rclcpp,' was not found
[6.277s]   before
[6.278s] Call Stack (most recent call first):
[6.278s]   CMakeLists.txt:28 (ament_target_dependencies)
[6.278s] 
[6.278s] [0m
[6.278s] -- Configuring incomplete, errors occurred!
[6.278s] See also "/home/user/ros2_ws/src/robot_chase/build/robot_chase/CMakeFiles/CMakeOutput.log".
[6.287s] Invoked command in '/home/user/ros2_ws/src/robot_chase/build/robot_chase' returned '1': CMAKE_PREFIX_PATH=${CMAKE_PREFIX_PATH}:/opt/ros/humble _=/usr/bin/env /usr/bin/cmake /home/user/ros2_ws/src/robot_chase -DCMAKE_INSTALL_PREFIX=/home/user/ros2_ws/src/robot_chase/install/robot_chase
